<?xml version="1.0" encoding="UTF-8"?>
<!-- Generated by org.testng.reporters.JUnitReportReporter -->
<testsuite skipped="0" hostname="LAPTOP-D3LBDK0S" name="org.maven.automation.qauto.testscripts.WebDriverPrac" tests="1" failures="0" timestamp="09 Mar 2019 10:32:24 GMT" time="6.807" errors="0">
  <testcase name="test" time="6.807" classname="org.maven.automation.qauto.testscripts.WebDriverPrac"/>
</testsuite> <!-- org.maven.automation.qauto.testscripts.WebDriverPrac -->
